Files already downloaded and verified
Files already downloaded and verified
number of labeled pool: 1000
number of unlabeled pool: 24000
number of testing pool: 10000
CIFAR10
fisher_mask_sampling
2 0 training accuracy: 0.114
3 0 training accuracy: 0.166
4 0 training accuracy: 0.225
5 0 training accuracy: 0.254
6 1 training accuracy: 0.228
7 0 training accuracy: 0.298
8 1 training accuracy: 0.285
9 0 training accuracy: 0.304
10 0 training accuracy: 0.344
11 0 training accuracy: 0.349
12 0 training accuracy: 0.36
13 0 training accuracy: 0.365
14 0 training accuracy: 0.389
15 1 training accuracy: 0.383
16 0 training accuracy: 0.407
17 1 training accuracy: 0.394
18 2 training accuracy: 0.407
19 0 training accuracy: 0.428
20 0 training accuracy: 0.446
21 1 training accuracy: 0.429
22 2 training accuracy: 0.444
23 0 training accuracy: 0.465
24 0 training accuracy: 0.47
25 1 training accuracy: 0.447
26 2 training accuracy: 0.46
27 0 training accuracy: 0.477
28 1 training accuracy: 0.47
29 0 training accuracy: 0.499
30 1 training accuracy: 0.49
31 0 training accuracy: 0.513
32 0 training accuracy: 0.514
33 1 training accuracy: 0.508
34 0 training accuracy: 0.522
35 0 training accuracy: 0.535
36 1 training accuracy: 0.533
37 0 training accuracy: 0.55
38 0 training accuracy: 0.564
39 1 training accuracy: 0.563
40 2 training accuracy: 0.559
41 0 training accuracy: 0.587
42 1 training accuracy: 0.581
43 2 training accuracy: 0.565
44 3 training accuracy: 0.58
45 0 training accuracy: 0.611
46 1 training accuracy: 0.586
47 0 training accuracy: 0.613
48 0 training accuracy: 0.623
49 1 training accuracy: 0.62
50 0 training accuracy: 0.629
51 0 training accuracy: 0.635
52 0 training accuracy: 0.665
53 1 training accuracy: 0.643
54 2 training accuracy: 0.661
55 3 training accuracy: 0.646
56 4 training accuracy: 0.651
57 0 training accuracy: 0.68
58 0 training accuracy: 0.682
59 1 training accuracy: 0.673
60 0 training accuracy: 0.687
61 0 training accuracy: 0.692
62 0 training accuracy: 0.698
63 0 training accuracy: 0.726
64 1 training accuracy: 0.711
65 2 training accuracy: 0.704
66 0 training accuracy: 0.729
67 0 training accuracy: 0.735
68 1 training accuracy: 0.724
69 0 training accuracy: 0.741
70 0 training accuracy: 0.748
71 0 training accuracy: 0.752
72 1 training accuracy: 0.75
73 0 training accuracy: 0.757
74 0 training accuracy: 0.758
75 0 training accuracy: 0.772
76 1 training accuracy: 0.752
77 2 training accuracy: 0.766
78 0 training accuracy: 0.773
79 0 training accuracy: 0.776
80 1 training accuracy: 0.769
81 2 training accuracy: 0.773
82 0 training accuracy: 0.812
83 1 training accuracy: 0.789
84 2 training accuracy: 0.808
85 3 training accuracy: 0.79
86 4 training accuracy: 0.799
87 5 training accuracy: 0.792
88 0 training accuracy: 0.835
89 1 training accuracy: 0.81
90 0 training accuracy: 0.836
91 0 training accuracy: 0.847
92 1 training accuracy: 0.831
93 2 training accuracy: 0.831
94 3 training accuracy: 0.831
95 4 training accuracy: 0.836
96 5 training accuracy: 0.842
97 6 training accuracy: 0.84
98 0 training accuracy: 0.87
99 1 training accuracy: 0.85
100 2 training accuracy: 0.834
101 3 training accuracy: 0.849
102 0 training accuracy: 0.873
103 0 training accuracy: 0.878
104 1 training accuracy: 0.873
105 0 training accuracy: 0.884
106 1 training accuracy: 0.882
107 0 training accuracy: 0.89
108 1 training accuracy: 0.875
109 2 training accuracy: 0.883
110 3 training accuracy: 0.875
111 4 training accuracy: 0.882
112 0 training accuracy: 0.902
113 1 training accuracy: 0.897
114 0 training accuracy: 0.907
115 0 training accuracy: 0.908
116 0 training accuracy: 0.918
117 1 training accuracy: 0.908
118 2 training accuracy: 0.914
119 3 training accuracy: 0.901
120 0 training accuracy: 0.919
121 1 training accuracy: 0.909
122 0 training accuracy: 0.92
123 0 training accuracy: 0.925
124 1 training accuracy: 0.925
125 0 training accuracy: 0.927
126 1 training accuracy: 0.912
127 2 training accuracy: 0.912
128 0 training accuracy: 0.93
129 1 training accuracy: 0.917
130 0 training accuracy: 0.933
131 0 training accuracy: 0.939
132 1 training accuracy: 0.937
133 0 training accuracy: 0.942
134 1 training accuracy: 0.928
135 0 training accuracy: 0.944
136 1 training accuracy: 0.944
137 0 training accuracy: 0.945
138 1 training accuracy: 0.944
139 0 training accuracy: 0.953
140 1 training accuracy: 0.952
141 2 training accuracy: 0.949
142 0 training accuracy: 0.955
143 1 training accuracy: 0.955
144 0 training accuracy: 0.959
145 1 training accuracy: 0.949
146 2 training accuracy: 0.947
147 3 training accuracy: 0.959
148 0 training accuracy: 0.961
149 1 training accuracy: 0.959
150 0 training accuracy: 0.964
151 1 training accuracy: 0.964
152 0 training accuracy: 0.966
153 0 training accuracy: 0.969
154 1 training accuracy: 0.965
155 2 training accuracy: 0.957
156 0 training accuracy: 0.976
157 1 training accuracy: 0.969
158 0 training accuracy: 0.978
159 1 training accuracy: 0.969
160 2 training accuracy: 0.975
161 3 training accuracy: 0.977
162 4 training accuracy: 0.969
163 5 training accuracy: 0.978
164 6 training accuracy: 0.97
165 7 training accuracy: 0.974
166 8 training accuracy: 0.966
167 9 training accuracy: 0.975
168 10 training accuracy: 0.976
169 11 training accuracy: 0.975
170 12 training accuracy: 0.975
171 13 training accuracy: 0.965
172 14 training accuracy: 0.972
173 15 training accuracy: 0.966
174 16 training accuracy: 0.975
175 0 training accuracy: 0.987
176 1 training accuracy: 0.984
177 2 training accuracy: 0.984
178 3 training accuracy: 0.982
179 4 training accuracy: 0.984
180 5 training accuracy: 0.987
181 6 training accuracy: 0.977
182 7 training accuracy: 0.987
183 8 training accuracy: 0.984
184 9 training accuracy: 0.984
185 10 training accuracy: 0.978
186 11 training accuracy: 0.981
187 12 training accuracy: 0.98
188 13 training accuracy: 0.98
189 14 training accuracy: 0.983
190 15 training accuracy: 0.982
191 16 training accuracy: 0.986
192 17 training accuracy: 0.98
193 18 training accuracy: 0.978
194 19 training accuracy: 0.984
195 20 training accuracy: 0.974
196 0 training accuracy: 0.988
197 0 training accuracy: 0.99
1000	testing accuracy 0.414
Round 1
Random calculate_mask took  0.009167671203613281  seconds.
log_prob_grads_wrt took  2005.4341571331024  seconds.
getting fisher matrix ...
0.0 / 1.0
Iterations took: 48.166725158691406 seconds
all probs: 0.7945177555084229 0.0007468507392331958 0.2538200318813324
With took, 182.69263362884521
Select took 192.09943318367004 seconds
selected probs: 0.7760127186775208 0.0007019719923846424 0.24853825569152832
Query took  2247.145515203476
Update took: 7.152557373046875e-06
Train took: 706.2502250671387
Predict took: 3.785682439804077
3000	testing accuracy 0.4142
Round 2
Random calculate_mask took  0.026549100875854492  seconds.
log_prob_grads_wrt took  2017.6702673435211  seconds.
getting fisher matrix ...
0.0 / 1.0
Iterations took: 53.59269618988037 seconds
all probs: 0.8630128502845764 8.318472100654617e-05 0.275542676448822
With took, 182.18361973762512
Select took 184.63252234458923 seconds
selected probs: 0.8904035687446594 7.24287165212445e-05 0.2835189998149872
Query took  2257.113244533539
Update took: 4.76837158203125e-06
Train took: 1207.4148077964783
Predict took: 3.7887513637542725
5000	testing accuracy 0.4428
Round 3
Random calculate_mask took  0.04659581184387207  seconds.
log_prob_grads_wrt took  2020.3761937618256  seconds.
getting fisher matrix ...
0.0 / 1.0
Iterations took: 56.83637714385986 seconds
all probs: 0.8783932328224182 1.0048408512375318e-05 0.28052589297294617
With took, 182.16030764579773
Select took 184.37013292312622 seconds
selected probs: 0.9085422158241272 6.221962848940166e-06 0.289389431476593
Query took  2262.6024651527405
Update took: 5.7220458984375e-06
Train took: 1072.8002395629883
Predict took: 3.766085147857666
7000	testing accuracy 0.4748
Round 4
Random calculate_mask took  0.03913545608520508  seconds.
log_prob_grads_wrt took  2019.1757180690765  seconds.
getting fisher matrix ...
0.0 / 1.0
Iterations took: 59.80881071090698 seconds
all probs: 0.8914701342582703 5.6026015045063104e-06 0.2843926250934601
With took, 182.08434176445007
Select took 184.09297132492065 seconds
selected probs: 0.9218024611473083 3.4990150652447483e-06 0.2933509647846222
Query took  2264.171401977539
Update took: 5.0067901611328125e-06
Train took: 1670.7672264575958
Predict took: 3.7394707202911377
9000	testing accuracy 0.5096
Round 5
Random calculate_mask took  0.046674489974975586  seconds.
log_prob_grads_wrt took  2021.2590715885162  seconds.
getting fisher matrix ...
0.0 / 1.0
Iterations took: 62.85073518753052 seconds
all probs: 0.9026907682418823 1.3589730087915086e-06 0.2878655195236206
With took, 181.14676904678345
Select took 182.938307762146 seconds
selected probs: 0.9276164174079895 4.807184836863598e-07 0.295185387134552
Query took  2268.027251958847
Update took: 4.76837158203125e-06
Train took: 1577.4014012813568
Predict took: 3.7583558559417725
11000	testing accuracy 0.5614
Round 6
Random calculate_mask took  0.059299468994140625  seconds.
log_prob_grads_wrt took  2020.817637205124  seconds.
getting fisher matrix ...
0.0 / 1.0
Iterations took: 66.14587688446045 seconds
all probs: 0.9032120108604431 1.7334624544673716e-06 0.28801098465919495
With took, 181.38224625587463
Select took 183.0282437801361 seconds
selected probs: 0.9168906807899475 1.165759044852166e-06 0.29211437702178955
Query took  2270.751138687134
Update took: 4.5299530029296875e-06
Train took: 1964.9505014419556
Predict took: 3.747126340866089
13000	testing accuracy 0.5927
Round 7
Random calculate_mask took  0.06696105003356934  seconds.
log_prob_grads_wrt took  2022.514285326004  seconds.
getting fisher matrix ...
0.0 / 1.0
Iterations took: 69.21095132827759 seconds
all probs: 0.9049047231674194 8.248743483818544e-07 0.28846654295921326
With took, 180.58165097236633
Select took 181.95723128318787 seconds
selected probs: 0.9375047087669373 1.6230222854574095e-07 0.29802075028419495
Query took  2274.418293952942
Update took: 4.5299530029296875e-06
Train took: 2070.107220888138
Predict took: 3.717521905899048
15000	testing accuracy 0.6553
Round 8
Random calculate_mask took  0.07520055770874023  seconds.
log_prob_grads_wrt took  2022.2901482582092  seconds.
getting fisher matrix ...
0.0 / 1.0
Iterations took: 72.56563091278076 seconds
all probs: 0.9119753837585449 1.0365637308495934e-06 0.290576308965683
With took, 180.3983669281006
Select took 181.5644690990448 seconds
selected probs: 0.9493029713630676 2.8229203508089995e-07 0.3014950752258301
Query took  2277.1193561553955
Update took: 4.5299530029296875e-06
Train took: 2363.7484123706818
Predict took: 3.7653796672821045
17000	testing accuracy 0.6834
Round 9
Random calculate_mask took  0.08997583389282227  seconds.
log_prob_grads_wrt took  2021.8753814697266  seconds.
getting fisher matrix ...
0.0 / 1.0
Iterations took: 75.457688331604 seconds
all probs: 0.9057459235191345 2.6018979042419232e-06 0.28864458203315735
With took, 180.51787972450256
Select took 181.46634125709534 seconds
selected probs: 0.9274619817733765 8.718005801711115e-07 0.29502174258232117
Query took  2279.4048092365265
Update took: 5.9604644775390625e-06
Train took: 2404.3862659931183
Predict took: 3.738029956817627
19000	testing accuracy 0.7223
Round 10
Random calculate_mask took  0.09637069702148438  seconds.
log_prob_grads_wrt took  2020.6003665924072  seconds.
getting fisher matrix ...
0.0 / 1.0
Iterations took: 78.32817769050598 seconds
all probs: 0.9148537516593933 1.2002408311673207e-06 0.29153117537498474
With took, 179.98885869979858
Select took 180.72563791275024 seconds
selected probs: 0.929350733757019 1.0825575600392767e-06 0.29583385586738586
Query took  2280.15927529335
Update took: 5.9604644775390625e-06
Train took: 2838.181049823761
Predict took: 3.729483127593994
21000	testing accuracy 0.7444
Round 11
Random calculate_mask took  0.11231493949890137  seconds.
log_prob_grads_wrt took  2020.2681307792664  seconds.
getting fisher matrix ...
0.0 / 1.0
Iterations took: 81.657151222229 seconds
all probs: 0.910808801651001 5.491107231136994e-07 0.2902379631996155
With took, 180.21124124526978
Select took 180.70158338546753 seconds
selected probs: 0.9381508827209473 4.802993203156802e-07 0.29825830459594727
Query took  2283.0352523326874
Update took: 6.198883056640625e-06
Train took: 3170.9450585842133
Predict took: 3.7352888584136963
23000	testing accuracy 0.7838
Round 12
Random calculate_mask took  0.1199195384979248  seconds.
log_prob_grads_wrt took  2022.2015368938446  seconds.
getting fisher matrix ...
0.0 / 1.0
Iterations took: 84.81850409507751 seconds
all probs: 0.9377747178077698 2.5421238092349085e-07 0.298209547996521
With took, 179.8933413028717
Select took 180.16491198539734 seconds
selected probs: 0.937774658203125 2.5421238092349085e-07 0.298209547996521
Query took  2287.487418651581
Update took: 4.76837158203125e-06
Train took: 3138.790502548218
Predict took: 3.7520840167999268
25000	testing accuracy 0.8045
4.76837158203125e-07 51675.457996845245
