Namespace(alg='rand', did=0, lr=0.0001, paramScale=1, model='resnet', path='data', data='CIFAR10', nQuery=1200, nStart=1000, nEnd=25000, nEmb=128, rounds=0, trunc=-1, btype='min', modes=1, aug=1, lamb=1, fishIdentity=0, fishInit=1, backwardSteps=0, dummy=1, DEBUG=25000, savefile='freshbait')
Files already downloaded and verified
Files already downloaded and verified
number of labeled pool: 1000
number of unlabeled pool: 24000
number of testing pool: 10000
CIFAR10
RandomSampling
2 0 training accuracy: 0.116
3 0 training accuracy: 0.167
4 0 training accuracy: 0.179
5 0 training accuracy: 0.217
6 0 training accuracy: 0.234
7 0 training accuracy: 0.276
8 0 training accuracy: 0.292
9 0 training accuracy: 0.33
10 0 training accuracy: 0.331
11 0 training accuracy: 0.345
12 0 training accuracy: 0.366
13 0 training accuracy: 0.369
14 0 training accuracy: 0.404
15 0 training accuracy: 0.411
16 1 training accuracy: 0.391
17 0 training accuracy: 0.424
18 1 training accuracy: 0.416
19 0 training accuracy: 0.432
20 0 training accuracy: 0.442
21 0 training accuracy: 0.448
22 1 training accuracy: 0.434
23 0 training accuracy: 0.457
24 0 training accuracy: 0.473
25 1 training accuracy: 0.463
26 0 training accuracy: 0.483
27 0 training accuracy: 0.494
28 0 training accuracy: 0.497
29 0 training accuracy: 0.503
30 0 training accuracy: 0.517
31 1 training accuracy: 0.515
32 2 training accuracy: 0.508
33 0 training accuracy: 0.544
34 1 training accuracy: 0.535
35 2 training accuracy: 0.537
36 0 training accuracy: 0.565
37 1 training accuracy: 0.551
38 2 training accuracy: 0.561
39 0 training accuracy: 0.582
40 0 training accuracy: 0.592
41 1 training accuracy: 0.592
42 0 training accuracy: 0.603
43 1 training accuracy: 0.595
44 0 training accuracy: 0.624
45 0 training accuracy: 0.629
46 0 training accuracy: 0.63
47 0 training accuracy: 0.655
48 1 training accuracy: 0.616
49 2 training accuracy: 0.61
50 3 training accuracy: 0.623
51 4 training accuracy: 0.652
52 0 training accuracy: 0.664
53 1 training accuracy: 0.658
54 0 training accuracy: 0.678
55 0 training accuracy: 0.682
56 0 training accuracy: 0.694
57 0 training accuracy: 0.701
58 0 training accuracy: 0.702
59 0 training accuracy: 0.724
60 1 training accuracy: 0.699
61 2 training accuracy: 0.707
62 3 training accuracy: 0.723
63 4 training accuracy: 0.721
64 0 training accuracy: 0.729
65 0 training accuracy: 0.738
66 0 training accuracy: 0.764
67 1 training accuracy: 0.758
68 0 training accuracy: 0.775
69 1 training accuracy: 0.752
70 2 training accuracy: 0.765
71 3 training accuracy: 0.755
72 4 training accuracy: 0.758
73 0 training accuracy: 0.78
74 0 training accuracy: 0.788
75 0 training accuracy: 0.789
76 1 training accuracy: 0.789
77 0 training accuracy: 0.808
78 0 training accuracy: 0.81
79 1 training accuracy: 0.81
80 0 training accuracy: 0.814
81 0 training accuracy: 0.816
82 1 training accuracy: 0.8
83 2 training accuracy: 0.813
84 0 training accuracy: 0.83
85 0 training accuracy: 0.865
86 1 training accuracy: 0.84
87 2 training accuracy: 0.85
88 0 training accuracy: 0.87
89 1 training accuracy: 0.867
90 2 training accuracy: 0.853
91 3 training accuracy: 0.846
92 4 training accuracy: 0.859
93 5 training accuracy: 0.867
94 6 training accuracy: 0.859
95 7 training accuracy: 0.851
96 8 training accuracy: 0.86
97 9 training accuracy: 0.866
98 0 training accuracy: 0.876
99 1 training accuracy: 0.871
100 2 training accuracy: 0.863
101 3 training accuracy: 0.871
102 0 training accuracy: 0.898
103 1 training accuracy: 0.894
104 2 training accuracy: 0.889
105 0 training accuracy: 0.899
106 1 training accuracy: 0.89
107 2 training accuracy: 0.89
108 0 training accuracy: 0.905
109 1 training accuracy: 0.899
110 0 training accuracy: 0.92
111 1 training accuracy: 0.905
112 2 training accuracy: 0.913
113 3 training accuracy: 0.918
114 4 training accuracy: 0.911
115 5 training accuracy: 0.916
116 6 training accuracy: 0.918
117 7 training accuracy: 0.919
118 0 training accuracy: 0.925
119 1 training accuracy: 0.92
120 2 training accuracy: 0.922
121 0 training accuracy: 0.943
122 1 training accuracy: 0.934
123 2 training accuracy: 0.931
124 3 training accuracy: 0.93
125 4 training accuracy: 0.925
126 5 training accuracy: 0.941
127 6 training accuracy: 0.94
128 0 training accuracy: 0.952
129 1 training accuracy: 0.947
130 2 training accuracy: 0.95
131 3 training accuracy: 0.946
132 4 training accuracy: 0.947
133 0 training accuracy: 0.96
134 1 training accuracy: 0.954
135 2 training accuracy: 0.946
136 0 training accuracy: 0.961
137 1 training accuracy: 0.956
138 2 training accuracy: 0.958
139 0 training accuracy: 0.963
140 1 training accuracy: 0.952
141 2 training accuracy: 0.961
142 3 training accuracy: 0.951
143 4 training accuracy: 0.951
144 5 training accuracy: 0.962
145 6 training accuracy: 0.958
146 7 training accuracy: 0.962
147 0 training accuracy: 0.967
148 1 training accuracy: 0.967
149 0 training accuracy: 0.972
150 1 training accuracy: 0.968
151 0 training accuracy: 0.973
152 1 training accuracy: 0.965
153 0 training accuracy: 0.977
154 1 training accuracy: 0.969
155 2 training accuracy: 0.973
156 3 training accuracy: 0.977
157 4 training accuracy: 0.968
158 0 training accuracy: 0.979
159 1 training accuracy: 0.975
160 2 training accuracy: 0.974
161 3 training accuracy: 0.979
162 4 training accuracy: 0.969
163 5 training accuracy: 0.979
164 6 training accuracy: 0.977
165 0 training accuracy: 0.988
166 1 training accuracy: 0.966
167 2 training accuracy: 0.976
168 3 training accuracy: 0.977
169 4 training accuracy: 0.977
170 5 training accuracy: 0.985
171 6 training accuracy: 0.975
172 7 training accuracy: 0.982
173 8 training accuracy: 0.969
174 9 training accuracy: 0.984
175 10 training accuracy: 0.985
176 11 training accuracy: 0.981
177 12 training accuracy: 0.988
178 13 training accuracy: 0.971
179 14 training accuracy: 0.985
180 15 training accuracy: 0.978
181 16 training accuracy: 0.978
182 17 training accuracy: 0.981
183 18 training accuracy: 0.986
184 19 training accuracy: 0.977
185 20 training accuracy: 0.987
186 21 training accuracy: 0.976
187 22 training accuracy: 0.982
188 23 training accuracy: 0.982
189 24 training accuracy: 0.985
190 25 training accuracy: 0.984
191 26 training accuracy: 0.984
192 27 training accuracy: 0.985
193 28 training accuracy: 0.984
194 29 training accuracy: 0.98
195 30 training accuracy: 0.978
196 31 training accuracy: 0.978
197 32 training accuracy: 0.985
198 33 training accuracy: 0.981
199 0 training accuracy: 0.992
1000	testing accuracy 0.4288
Round 1
2200	testing accuracy 0.5462
Round 2
3400	testing accuracy 0.5748
Round 3
4600	testing accuracy 0.609
Round 4
5800	testing accuracy 0.6296
Round 5
7000	testing accuracy 0.6476
Round 6
8200	testing accuracy 0.6839
Round 7
9400	testing accuracy 0.6845
Round 8
10600	testing accuracy 0.7062
Round 9
11800	testing accuracy 0.7256
Round 10
13000	testing accuracy 0.7236
Round 11
14200	testing accuracy 0.7395
Round 12
15400	testing accuracy 0.7509
Round 13
16600	testing accuracy 0.7558
Round 14
17800	testing accuracy 0.7715
Round 15
19000	testing accuracy 0.7764
Round 16
20200	testing accuracy 0.791
Round 17
21400	testing accuracy 0.7921
Round 18
22600	testing accuracy 0.803
Round 19
23800	testing accuracy 0.7964
Round 20
25000	testing accuracy 0.7952
